This is pdfTeX, Version 3.14159265-2.6-1.40.16 (TeX Live 2015) (preloaded format=pdflatex 2016.5.31)  24 MAR 2017 11:36
entering extended mode
 restricted \write18 enabled.
 %&-line parsing enabled.
**template.tex
(./template.tex
LaTeX2e <2015/01/01>
Babel <3.9l> and hyphenation patterns for 79 languages loaded.
(./jidm.cls
Document Class: jidm 2009/12/17 JIDM class based on ACM Trans.
(/usr/local/texlive/2015/texmf-dist/tex/latex/base/latexsym.sty
Package: latexsym 1998/08/17 v2.2e Standard LaTeX package (lasy symbols)
\symlasy=\mathgroup4
LaTeX Font Info:    Overwriting symbol font `lasy' in version `bold'
(Font)                  U/lasy/m/n --> U/lasy/b/n on input line 52.
)
(/usr/local/texlive/2015/texmf-dist/tex/latex/url/url.sty
\Urlmuskip=\muskip10
Package: url 2013/09/16  ver 3.4  Verb mode for urls, etc.
)
\c@@auth=\count79
\c@@inst=\count80
\c@auco=\count81
\instindent=\dimen102


Using JIDM: 2010/03/12

\footheight=\dimen103
\normaltextheight=\dimen104
\c@secnumbookdepth=\count82
\c@part=\count83
\c@section=\count84
\c@subsection=\count85
\c@subsubsection=\count86
\c@paragraph=\count87
\c@figure=\count88
\c@table=\count89
\@narrowfig=\dimen105
\@nfigbox=\box26
\@nfcapbox=\box27
\@abstract=\box28
\@terms=\box29
\@keywords=\box30
\bibhang=\skip41
\bibindent=\dimen106
) (/usr/local/texlive/2015/texmf-dist/tex/latex/graphics/graphicx.sty
Package: graphicx 2014/10/28 v1.0g Enhanced LaTeX Graphics (DPC,SPQR)

(/usr/local/texlive/2015/texmf-dist/tex/latex/graphics/keyval.sty
Package: keyval 2014/10/28 v1.15 key=value parser (DPC)
\KV@toks@=\toks14
)
(/usr/local/texlive/2015/texmf-dist/tex/latex/graphics/graphics.sty
Package: graphics 2014/10/28 v1.0p Standard LaTeX Graphics (DPC,SPQR)

(/usr/local/texlive/2015/texmf-dist/tex/latex/graphics/trig.sty
Package: trig 1999/03/16 v1.09 sin cos tan (DPC)
)
(/usr/local/texlive/2015/texmf-dist/tex/latex/latexconfig/graphics.cfg
File: graphics.cfg 2010/04/23 v1.9 graphics configuration of TeX Live
)
Package graphics Info: Driver file: pdftex.def on input line 94.

(/usr/local/texlive/2015/texmf-dist/tex/latex/pdftex-def/pdftex.def
File: pdftex.def 2011/05/27 v0.06d Graphics/color for pdfTeX

(/usr/local/texlive/2015/texmf-dist/tex/generic/oberdiek/infwarerr.sty
Package: infwarerr 2010/04/08 v1.3 Providing info/warning/error messages (HO)
)
(/usr/local/texlive/2015/texmf-dist/tex/generic/oberdiek/ltxcmds.sty
Package: ltxcmds 2011/11/09 v1.22 LaTeX kernel commands for general use (HO)
)
\Gread@gobject=\count90
))
\Gin@req@height=\dimen107
\Gin@req@width=\dimen108
)
(/usr/local/texlive/2015/texmf-dist/tex/latex/base/fontenc.sty
Package: fontenc 2005/09/27 v1.99g Standard LaTeX package

(/usr/local/texlive/2015/texmf-dist/tex/latex/base/t1enc.def
File: t1enc.def 2005/09/27 v1.99g Standard LaTeX file
LaTeX Font Info:    Redeclaring font encoding T1 on input line 48.
))
\c@theorem=\count91
 (./abstract.tex) (./template.aux)
\openout1 = `template.aux'.

LaTeX Font Info:    Checking defaults for OML/cmm/m/it on input line 87.
LaTeX Font Info:    ... okay on input line 87.
LaTeX Font Info:    Checking defaults for T1/cmr/m/n on input line 87.
LaTeX Font Info:    ... okay on input line 87.
LaTeX Font Info:    Checking defaults for OT1/cmr/m/n on input line 87.
LaTeX Font Info:    ... okay on input line 87.
LaTeX Font Info:    Checking defaults for OMS/cmsy/m/n on input line 87.
LaTeX Font Info:    ... okay on input line 87.
LaTeX Font Info:    Checking defaults for OMX/cmex/m/n on input line 87.
LaTeX Font Info:    ... okay on input line 87.
LaTeX Font Info:    Checking defaults for U/cmr/m/n on input line 87.
LaTeX Font Info:    ... okay on input line 87.

(/usr/local/texlive/2015/texmf-dist/tex/context/base/supp-pdf.mkii
[Loading MPS to PDF converter (version 2006.09.02).]
\scratchcounter=\count92
\scratchdimen=\dimen109
\scratchbox=\box31
\nofMPsegments=\count93
\nofMParguments=\count94
\everyMPshowfont=\toks15
\MPscratchCnt=\count95
\MPscratchDim=\dimen110
\MPnumerator=\count96
\makeMPintoPDFobject=\count97
\everyMPtoPDFconversion=\toks16
) (/usr/local/texlive/2015/texmf-dist/tex/generic/oberdiek/pdftexcmds.sty
Package: pdftexcmds 2011/11/29 v0.20 Utility functions of pdfTeX for LuaTeX (HO
)

(/usr/local/texlive/2015/texmf-dist/tex/generic/oberdiek/ifluatex.sty
Package: ifluatex 2010/03/01 v1.3 Provides the ifluatex switch (HO)
Package ifluatex Info: LuaTeX not detected.
)
(/usr/local/texlive/2015/texmf-dist/tex/generic/oberdiek/ifpdf.sty
Package: ifpdf 2011/01/30 v2.3 Provides the ifpdf switch (HO)
Package ifpdf Info: pdfTeX in PDF mode is detected.
)
Package pdftexcmds Info: LuaTeX not detected.
Package pdftexcmds Info: \pdf@primitive is available.
Package pdftexcmds Info: \pdf@ifprimitive is available.
Package pdftexcmds Info: \pdfdraftmode found.
)
(/usr/local/texlive/2015/texmf-dist/tex/latex/oberdiek/epstopdf-base.sty
Package: epstopdf-base 2010/02/09 v2.5 Base part for package epstopdf

(/usr/local/texlive/2015/texmf-dist/tex/latex/oberdiek/grfext.sty
Package: grfext 2010/08/19 v1.1 Manage graphics extensions (HO)

(/usr/local/texlive/2015/texmf-dist/tex/generic/oberdiek/kvdefinekeys.sty
Package: kvdefinekeys 2011/04/07 v1.3 Define keys (HO)
))
(/usr/local/texlive/2015/texmf-dist/tex/latex/oberdiek/kvoptions.sty
Package: kvoptions 2011/06/30 v3.11 Key value format for package options (HO)

(/usr/local/texlive/2015/texmf-dist/tex/generic/oberdiek/kvsetkeys.sty
Package: kvsetkeys 2012/04/25 v1.16 Key value parser (HO)

(/usr/local/texlive/2015/texmf-dist/tex/generic/oberdiek/etexcmds.sty
Package: etexcmds 2011/02/16 v1.5 Avoid name clashes with e-TeX commands (HO)
Package etexcmds Info: Could not find \expanded.
(etexcmds)             That can mean that you are not using pdfTeX 1.50 or
(etexcmds)             that some package has redefined \expanded.
(etexcmds)             In the latter case, load this package earlier.
)))
Package grfext Info: Graphics extension search list:
(grfext)             [.png,.pdf,.jpg,.mps,.jpeg,.jbig2,.jb2,.PNG,.PDF,.JPG,.JPE
G,.JBIG2,.JB2,.eps]
(grfext)             \AppendGraphicsExtensions on input line 452.

(/usr/local/texlive/2015/texmf-dist/tex/latex/latexconfig/epstopdf-sys.cfg
File: epstopdf-sys.cfg 2010/07/13 v1.3 Configuration of (r)epstopdf for TeX Liv
e
))
LaTeX Font Info:    Try loading font information for OMS+cmr on input line 92.

(/usr/local/texlive/2015/texmf-dist/tex/latex/base/omscmr.fd
File: omscmr.fd 2014/09/29 v2.5h Standard LaTeX font definitions
)
LaTeX Font Info:    Font shape `OMS/cmr/m/n' in size <8> not available
(Font)              Font shape `OMS/cmsy/m/n' tried instead on input line 92.
LaTeX Font Info:    Try loading font information for T1+cmss on input line 94.

(/usr/local/texlive/2015/texmf-dist/tex/latex/base/t1cmss.fd
File: t1cmss.fd 2014/09/29 v2.5h Standard LaTeX font definitions
)
LaTeX Font Info:    External font `cmex10' loaded for size
(Font)              <7> on input line 94.
LaTeX Font Info:    External font `cmex10' loaded for size
(Font)              <5> on input line 94.
LaTeX Font Info:    Try loading font information for U+lasy on input line 94.

(/usr/local/texlive/2015/texmf-dist/tex/latex/base/ulasy.fd
File: ulasy.fd 1998/08/17 v2.2e LaTeX symbol font definitions
)
LaTeX Font Info:    Try loading font information for T1+cmtt on input line 94.

(/usr/local/texlive/2015/texmf-dist/tex/latex/base/t1cmtt.fd
File: t1cmtt.fd 2014/09/29 v2.5h Standard LaTeX font definitions
)
(./introduction.tex

LaTeX Warning: Reference `@lastpg' on page 1 undefined on input line 10.

[1

{/usr/local/texlive/2015/texmf-var/fonts/map/pdftex/updmap/pdftex.map}])
(./dal.tex <figures/dal.png, id=17, 331.2375pt x 180.675pt>
File: figures/dal.png Graphic file (type png)

<use figures/dal.png>
Package pdftex.def Info: figures/dal.png used on input line 13.
(pdftex.def)             Requested size: 264.99034pt x 144.54018pt.
) (./livesync.tex
LaTeX Font Info:    External font `cmex10' loaded for size
(Font)              <14.4> on input line 4.
 [2]) (./livesync-method.tex)
(./livesync-main-funcionalities.tex
Underfull \vbox (badness 3333) has occurred while \output is active []

 [3 <./figures/dal.png>]) (./livesync-architecture.tex
Package epstopdf Info: Source file: <figures/architecture.eps>
(epstopdf)                    date: 2016-08-15 13:15:01
(epstopdf)                    size: 1333569 bytes
(epstopdf)             Output file: <figures/architecture-eps-converted-to.pdf>

(epstopdf)                    date: 2017-03-24 10:29:44
(epstopdf)                    size: 24929 bytes
(epstopdf)             Command: <repstopdf --outfile=figures/architecture-eps-c
onverted-to.pdf figures/architecture.eps>
(epstopdf)             \includegraphics on input line 4.
Package epstopdf Info: Output file is already uptodate.

<figures/architecture-eps-converted-to.pdf, id=31, 346.29375pt x 357.335pt>
File: figures/architecture-eps-converted-to.pdf Graphic file (type pdf)

<use figures/architecture-eps-converted-to.pdf>
Package pdftex.def Info: figures/architecture-eps-converted-to.pdf used on inpu
t line 4.
(pdftex.def)             Requested size: 207.77785pt x 214.40265pt.
 [4])
(./livesync-content-providers.tex
Overfull \hbox (187.39049pt too wide) in paragraph at lines 5--6
[]\T1/cmr/m/n/10 At this time, LiveSync sup-ports to video stream-ers plat-form
s: the YouTube Live (https://support.google.com/youtube/answer/2474026?hl=en)
 []


Overfull \hbox (9.90361pt too wide) in paragraph at lines 5--6
\T1/cmr/m/n/10 and Web-Socket Stream (http://phoboslab.org/log/2013/09/html5-li
ve-video-streaming-via-websockets).
 []

) (./livesync-coupler.tex [5 <./figures/architecture-eps-converted-to.pdf>])
(./livesync-mashup-player.tex
<figures/screen.png, id=42, 1444.39626pt x 617.30624pt>
File: figures/screen.png Graphic file (type png)

<use figures/screen.png>
Package pdftex.def Info: figures/screen.png used on input line 6.
(pdftex.def)             Requested size: 433.32222pt x 185.1933pt.


LaTeX Warning: `h' float specifier changed to `ht'.

[6]) (./final-remarks.tex) (./template.bbl [7 <./figures/screen.png>]) [8]
(./template.aux)

LaTeX Warning: There were undefined references.

 ) 
Here is how much of TeX's memory you used:
 2121 strings out of 493089
 28940 string characters out of 6134842
 90488 words of memory out of 5000000
 5532 multiletter control sequences out of 15000+600000
 18199 words of font info for 41 fonts, out of 8000000 for 9000
 1141 hyphenation exceptions out of 8191
 37i,6n,23p,1043b,345s stack positions out of 5000i,500n,10000p,200000b,80000s
{/usr/local/texlive/2015/texmf-dist/fonts/enc/dvips/cm-super/cm-super-t1.enc}
</usr/local/texlive/2015/texmf-dist/fonts/type1/public/amsfonts/cm/cmmi10.pfb><
/usr/local/texlive/2015/texmf-dist/fonts/type1/public/amsfonts/cm/cmmi7.pfb></u
sr/local/texlive/2015/texmf-dist/fonts/type1/public/amsfonts/cm/cmr10.pfb></usr
/local/texlive/2015/texmf-dist/fonts/type1/public/amsfonts/cm/cmr7.pfb></usr/lo
cal/texlive/2015/texmf-dist/fonts/type1/public/amsfonts/cm/cmsy10.pfb></usr/loc
al/texlive/2015/texmf-dist/fonts/type1/public/amsfonts/cm/cmsy8.pfb></usr/local
/texlive/2015/texmf-dist/fonts/type1/public/cm-super/sfbx0600.pfb></usr/local/t
exlive/2015/texmf-dist/fonts/type1/public/cm-super/sfbx0800.pfb></usr/local/tex
live/2015/texmf-dist/fonts/type1/public/cm-super/sfbx1000.pfb></usr/local/texli
ve/2015/texmf-dist/fonts/type1/public/cm-super/sfcc0800.pfb></usr/local/texlive
/2015/texmf-dist/fonts/type1/public/cm-super/sfrm0600.pfb></usr/local/texlive/2
015/texmf-dist/fonts/type1/public/cm-super/sfrm0700.pfb></usr/local/texlive/201
5/texmf-dist/fonts/type1/public/cm-super/sfrm0800.pfb></usr/local/texlive/2015/
texmf-dist/fonts/type1/public/cm-super/sfrm1000.pfb></usr/local/texlive/2015/te
xmf-dist/fonts/type1/public/cm-super/sfrm1728.pfb></usr/local/texlive/2015/texm
f-dist/fonts/type1/public/cm-super/sfss0800.pfb></usr/local/texlive/2015/texmf-
dist/fonts/type1/public/cm-super/sfss0900.pfb></usr/local/texlive/2015/texmf-di
st/fonts/type1/public/cm-super/sfss1000.pfb></usr/local/texlive/2015/texmf-dist
/fonts/type1/public/cm-super/sfti0800.pfb></usr/local/texlive/2015/texmf-dist/f
onts/type1/public/cm-super/sfti1000.pfb></usr/local/texlive/2015/texmf-dist/fon
ts/type1/public/cm-super/sftt0900.pfb></usr/local/texlive/2015/texmf-dist/fonts
/type1/public/cm-super/sftt1000.pfb>
Output written on template.pdf (8 pages, 1187804 bytes).
PDF statistics:
 129 PDF objects out of 1000 (max. 8388607)
 90 compressed objects within 1 object stream
 0 named destinations out of 1000 (max. 500000)
 16 words of extra memory for PDF output out of 10000 (max. 10000000)

