This is TeX, Version 3.14159265 (MiKTeX 2.9) (preloaded format=tex 2017.1.4)  4 JAN 2017 10:28
**./acmart.ins
(acmart.ins
("C:\Users\Ricardo Mendes\AppData\Local\Programs\MiKTeX 2.9\tex\latex\base\docs
trip.tex"
\blockLevel=\count26
\emptyLines=\count27
\processedLines=\count28
\commentsRemoved=\count29
\commentsPassed=\count30
\codeLinesPassed=\count31
\TotalprocessedLines=\count32
\TotalcommentsRemoved=\count33
\TotalcommentsPassed=\count34
\TotalcodeLinesPassed=\count35
\NumberOfFiles=\count36
\inFile=\read0
\inputcheck=\read1
\@tempcnta=\count37
\off@0=\count38
\off@1=\count39
\off@2=\count40
\off@3=\count41
\off@4=\count42
\off@5=\count43
\off@6=\count44
\off@7=\count45
\off@8=\count46
\off@9=\count47
\off@10=\count48
\off@11=\count49
\off@12=\count50
\off@13=\count51
\off@14=\count52
\off@15=\count53
\@temptokena=\toks12
\@maxfiles=\count54
\@maxoutfiles=\count55

Utility: `docstrip' 2.5e <2014/09/29>
English documentation    <2014/09/29>

**********************************************************
* This program converts documented macro-files into fast *
* loadable files by stripping off (nearly) all comments! *
**********************************************************

********************************************************
* No Configuration file found, using default settings. *
********************************************************

(acmart.ins

Generating file(s) acmart.cls 
\openout0 = `acmart.cls'.


Processing file acmart.dtx (class) -> acmart.cls
% % % % % % % % % % % % % % % % % % % % % % % % % % % % % % % % % % % % % % %
% % % % % % % % % % % % % % % % % % % % % % % % % % % % % % % % % % % % % % %
% % % % % % % % % % % % % % % % % % % % % % % % % % % % % % % % % % % % % % %
% % % % % % % % % % % % % % % % % % % % % % % % % % % % % % % % % % % % % % %
% % % % % % % % % % % % % % % % % % % % % % % % % % % % % % % % % % % % % % %
% % % % % % % % % % % % % % % % % % % % % % % % % % % % % % % % % % % % % % %
% % % % % % % % % % % % % % % % % % % % % % % % % % % % % % % % % % % % % % %
% % % % % % % % % % % % % % % % % % % % % % % % % % % % % % % % % % % % % % %
% % % % % % % % % % % % % % % % % % % % % % % % % % % % % % % % % % % % % % %
% % % % % % % % % % % % % % % % % % % % % % % % % % % % % % % % % % % % % % %
% % % % % % % % % % % % % % % % % % % % % % % % % % % % % % % % % % % % % % %
% % % % % % % % % % % % % % % % % % % % % % % % % % % % % % % % % % % % % % %
% % % % % % % % % % % % % % % % % % % % % % % % % % % % % % % % % % % % % % %
% % % % % % % % % % % % % % % % % % % % % % % % % % % % % % % % % % % % % % %
% % % % % % % % % % % % % % % % % % % % % % % % % % % % % % % % % % % % % % %
% % % % % % % % % % % % % % % % % % % % % % % % % % % % % % % % % % % % % % %
% % % % % % % % % % % % % % % % % % % % % % % % % % % % % % % % % % % % % % %
% % % % % % % % % % % % % % % % % % % % % % % % % % % % % % % % % % % % % % %
% % % % % % % % % % % % % % % % % % % % % % % % % % % % % % % % % % % % % % %
% % % % % % % % % % % % % % % % % % % % % % % % % % % % % % % % % % % % % % %
% % % % % % % % % % % % % % % % % % % % % % % % % % % % % % % % % % % % % % %
% % % % % % % % % % % % % % % % % % % % % % % % % % % % % % % % % % % % % % %
% % % % % % % % % % % % % % % % % % % % % % % % % % % % % % % % % % % % % % %
% % % % % % % % % % % % % % % % % % % % % % % % % % % % % % % % % % % % % % %
% % % % % % % % % % % % % % % % % % % % % % % % % % % % % % % % % % % % % % %
% % % % % % % % % % % % % % % % % % % % % % % % % % % % % % % % % % % % % % %
% % % % % % % % % % % % % % % % % % % % % % % % % % . % % % % % % % % % % % %
% % % % % % % % % % % % % % % % % % % % % % % % % % % % % % % % % % % % % % %
% % % % % % % % % % % % % % % % % % % % % % % % % % % % % % % % % % % % % % %
% % % % % % % % % % % % % % % % % % % % % % % % % % % % % % % % % % % % % % %
% % % % % % % % % % % % % % % % % % % % % % % % % % % % % % % % % % % % % % %
% % % % % % % % % % % % % % % % % % % % % % % % % % % % % % % % % % % % % % %
% % % % % % % <class . > <*gobble . > <class . > . . % % % % % % % % % % % % %
% % % % % % % % % % % % % % % % % % % % % % % % % % % <*gobble . . . . . . . .
. . . . . . > <*class . % % % % % % % . % % % % % . . . . . . . . . . . . . .
. . . % % % % % % % . . . . . . . . % % % % % % % % . . . . . . . . % % % % %
% % % . . . . . . . . % % % % % % % % % . . % % % % % % % . . . . . . . . % %
% % % % % % . . . . . . . . % % % % % % % . . . . . % % % % % % % % % . . . .
% % % % % % % % % % . % % % % % % % . % % % % % % % % . % % % % % % % . . . .
. . . . . . . . . . . . . . . . . . . . . . . % % % % % % . . . % % % % % % %
% % % % . . . . . . . . . . . . . . . . . . . . . . . . . % % % % % . % % % %
% . % % % % . . . . % % % % % % % % % . . . . . . . . . . . . . . . . . . . .
. . . . . . . . . . . . . . . . . . . . . . . . . . . . . . . . . . . . . . .
. . . . . . . . . . . . . . . . . . . . . % % % % % % % % . . . . . . % % % %
% % % % % % . . . . . % % % % % % . % % % % % % % % . . . . . . . . . . . . .
. . . . . . . . . . . . . . . . . . . . . . . . . . . . . . . . . . . . . . .
. . . . . . . . . . . . . . . . . . . . . . . . . . . . . . . . . % % % % % .
. . . . . . . . . . . . . . . . . . . . . . . . . % % % % . . . . . . . . . .
. . . . . . % % % % % % % % . . . . . . . % % % % % % % . % % % % . . . . . .
. . % % % % % % % % % . . . . . . . . . . . . . . . . . . . . . . . . . . . .
. . . . . . . . . . . . . . . . . . . . . . . . . . . . % % % % % % % . . . .
. . . . . . . . . . % % % % % % % % % % % % % % % % % % . . % % % % . . . % %
% % % % % . . % % % % % % % . . . . . . . . . . . . % % % % % % % . % % % % %
% % . . . . . . . . . . . . % % % % % % % % . . . . . . . . . . . . % % % % %
% % % % . % % % % % % % % % % % % % % . . . . . . . . . . % % % % % % . . . .
. . . % % % % . . . % % % % % % % % . . . . . . . . . . . . . . . . . . . . .
. . . . . . . % % % % % . . . % % % % % % % . . % % % % % % % . % % % % % % %
% . . % % % % % % % . % % % % % % % % . . % % % % % % % % % % . . % % % % % %
% % % . . . . . . % % % % % % % . . . . % % % % % % % % . . . . . . . . . . %
% % % % % % % % . . . . . . . . . . . . . . . % % % % % % % . % % % % % % % %
% % . . . . . . . % % % % % % % % % % % % % % % . . . . . . . . . . . . . . .
. . . . . . . . . . . . . . . . . . . . . . . . . . . . . . . . . . . . . . .
. . . . . . . . . . . . . . . . . . . . . . . . . . . . . . . . . . . . . . .
. . . . . . . . . . . . . . . . . . . . . . . . . . . . . . . . . . . . . . .
. . . . . . . . . . . . . . . . . . . . . . . . . . . . . . . . . . . . . . .
. . . . . . . . . . . . . . . . . . . . . . . . . . . . . . . . . . . . . . .
. . . . . . . . . . . . . . . . . . . . . . . . . . . . . . . . . . . . % % %
% . % % % % % % . . . . . % % % % % % . . . . . . . . . . % % % % % % % . . %
% % % % % % % % % . . % % % % % % % . . % % % % % % . . . . . . . . . . . . .
. . . . . . . . . . . . . . . . . . . . . . . . . . % % % % % % % % % % % . .
. . . % % % % % % % % % . . . . % % % % % % % . % % % % % . % % % % % % % . .
. . . . . . % % % % % % % . % % % % % % % . . . . . . . . . % % % % % % % . %
% % % % % % % . . . . . . % % % % % % % % . . % % % % % % % % . . % % % % % %
% % . . % % % % % % % % . . % % % % % % % % . . % % % % % % % % . . % % % % %
% % % . . . . % % % % % % % . . % % % % % % % % . . % % % % % % % % . . % % %
% % % % % % . . % % % % % % % % . . % % % % % % % % % . % % % % % % % % % . .
% % % % % % % % . . . . . % % % % % % % % . . . . . % % % % % % % % . . % % %
% % % % % . . % % % % % % % % . . % % % % % % % % % . % % % % % % % . . % % %
% % % % . % % % % % % % . . . . . . % % % % % % % . . . . . . % % % % % % % %
. . . . . . % % % % % % . % % % % % % % % % . . . . . . . . . . % % % % % . %
% % % % % % . . . . . . . . . . . . . . . . . . % % % % % % % % % . . % % % %
% . % % % % % % % % . . % % % % % % % . . . . . . . . % % % % % % % % % % % %
% . . % % % % % % % . . % % % % % % % . . % % % % % % % . . . . . . . . . . .
. . . . . . . . . . . . . . . . . . . . . . . . . . . % % % % % . . % % % % %
% % % . . . . . . . . . . . . . . . . . . . . . . . . . . . . % % % % % % % %
. % % % % % % % . . . . . . . . . . . . . . . . . . . . . . . . . . . . . . .
. . . . . . . . . . . . . . . . . . . . . . . . . . . . . . . . . . . . . . .
. . . . . . . . . . . . . . . . . . . . . . . . . . . . . . . . . . % % % % %
% % % % % % . . % % % % % % % . % % % % % % % . % % % % % % % . % % % % % % %
. . . . . . . % % % % % % % % % % % % % . % % % % % % % % % % % % % % % % % %
% % % % . . . . . . . . . . . . . . . . . . . . . . . . . . . . . . . . . . .
. . . . . . . . . . . . . . . . . . . . . . . . . . . . . . . . . . . . . . .
. . . . . . . . . . . . . . . . . . . . . . . . . . . . . . % % % % % % % . .
. . . . . . . . . . . . . . . . . . . % % % % % % % % % % % . . . . . . . . .
. . . . . . . . . . . . . . . . . . . . . . . . . . . . . . . . . . . % % % %
% % % . . . . . . . . . . . . . . . . . . . . . . % % % % % % % % . . . . . .
. . . . . . . . . . . . . . . % % % % % % % % . . . . . . . . . . . . . . . .
. . . . . % % % % % % % % % . . . . . . . . . . . . . . . . . . . . . . . . .
. . . % % % % % % % % % % % % % % % % % % . . . . . . . . . . . . . . . . . .
. . . . . . . . . . % % % % % % % % % . . . . . . . . % % % % % % % % % % % %
% % . . . . . . . % % % % % % % % % % % % % % % % % % % % % % % % % % % . . .
. . . . . . . . . . . . . . . . % % % % % % % % % % % % % % % % . . . . . . .
. . . . . . . . . . . . . . . . . % % % % % % % % . % % % % % % % . % % % % %
% . . . . . . . . . . . . . . . . . . . . . . . . . % % % % % % % . . . . . .
. . % % % % % % % % % % . . . . . . . . . . . . . . . . . . . . . . . . . % %
% % % % % % % % % % % . % % % % % % % . % % % % % % % . . % % % % % % % % % .
. . . . . . % % % % % % % % % % . % % % % % % % . . . . . . . . . . . . . . .
% % % . . . . . . . . . . . . . . . . . . . . % % % . . . . . % % % % % % % %
% . % % % % % % % . . . . . . . . . % % % . . . . . . . . . . . . . . . . . .
. % % % % . . . . % % % % % % % . % % % % % % % . . . . . . . % % % % % % % .
% % % % % % % % % % . . . . . . . . . . % % % % % % % % % . . . . . . . . . .
. . . . . . . % % % % % % % . . . . . . . . . . . . . . . . . . . . . % % % %
% % % . % % % % % % % % % % % . % % % % % . . . . . . . . . . % % % % % % % .
. . . . . % % % % % % % % % . % % % % % % % % . . . . . . . . . . . . . . . .
. . . . . % % % % % % % % % % % % % % . . . . . . . . . . . . . . . . . . . .
. . . . . . . . . . . . . . . . . . . . . . . . . . . . % % % % % % % % % % .
. . . . . . . . . . . . . . . . . . . % % % % % % % % % % . % % % . . . . % %
% . . . . . . . . . . . . . . % % % % % % % % . . . . . . . . . . . . . . . .
. . . . . . . . . . . . . . . . . . . % % % % % % % % % % % . . . . . . . . .
. . . . . . . . . . . % % % % % % % . . . . % % % % % % % % % % % % . . . . .
. . . . . . . . . . . . . . . . . . . . . . . . . . . . . . . . . . . . . . .
. . . % % % % % % % % % % . % % % % % % % . % % % % % % % % % % % % . % % % %
% % % . % % % % % % % . % % % % % % % . % % % % % % . . . . . . . . . . . . .
. . % % % % % . . . . . . . . . . . % % % % % % % % . % % % % % % % . % % % %
% % % . % % % % % % % . % % % % % % . . . . . . . . . . . . . . . % % % % % .
. . . . . . . . . . % % % % % % . . . . . . . . . . % % % % % % . % % % % % %
% . % % % % % % . . . . . . . . . . . . . % % % % % . . . . . . . . . % % % %
% % % % % % % % % % % . . . . . . . % % % % % % % % % . % % % % % % % % . . %
% % % % % % % % . . . . . . . . . . . . . % % % % % % % % % % % % % . . . . .
. . % % % % % % % % % % . > % % % % % % % % %
File acmart.dtx ended by \endinput.
Lines  processed: 5051
Comments removed: 2868
Comments  passed: 15
Codelines passed: 2160

*****************************************************
* Congratulations!  You successfully  generated the *
* acmart package.                                   *
*                                                   *
* Please move the file acmart.cls to where LaTeX    *
* files are stored in  your system.  The manual is  *
* acmart.pdf.                                       *
*                                                   *
* The package is released under LPPL                *
*                                                   *
* Happy TeXing!                                     *
*****************************************************
) ) )
No pages of output.
