This is TeX, Version 3.14159265 (MiKTeX 2.9) (preloaded format=tex 2017.1.4)  4 JAN 2017 10:44
**./binhex.ins
(binhex.ins
("C:\Users\Ricardo Mendes\AppData\Local\Programs\MiKTeX 2.9\tex\latex\base\docs
trip.tex"
\blockLevel=\count26
\emptyLines=\count27
\processedLines=\count28
\commentsRemoved=\count29
\commentsPassed=\count30
\codeLinesPassed=\count31
\TotalprocessedLines=\count32
\TotalcommentsRemoved=\count33
\TotalcommentsPassed=\count34
\TotalcodeLinesPassed=\count35
\NumberOfFiles=\count36
\inFile=\read0
\inputcheck=\read1
\@tempcnta=\count37
\off@0=\count38
\off@1=\count39
\off@2=\count40
\off@3=\count41
\off@4=\count42
\off@5=\count43
\off@6=\count44
\off@7=\count45
\off@8=\count46
\off@9=\count47
\off@10=\count48
\off@11=\count49
\off@12=\count50
\off@13=\count51
\off@14=\count52
\off@15=\count53
\@temptokena=\toks12
\@maxfiles=\count54
\@maxoutfiles=\count55

Utility: `docstrip' 2.5e <2014/09/29>
English documentation    <2014/09/29>

**********************************************************
* This program converts documented macro-files into fast *
* loadable files by stripping off (nearly) all comments! *
**********************************************************

********************************************************
* No Configuration file found, using default settings. *
********************************************************

)

Generating file(s) binhex.drv binhex.tex 
\openout0 = `binhex.drv'.

\openout1 = `binhex.tex'.


Processing file binhex.dtx (driver) -> binhex.drv
                           (style) -> binhex.tex
% % % % % % % % % % % % % % % % % % % % % % % % % % % % % % % % % % % % % % %
% % % % % % % % % % % % % % % % % % % % % % % % % % % % % % % % % % % % % % %
% % % % % % % % % % % % % % % % % % % % % <*style . . . . . % % % % % % % % %
% % % % % % % % % % % . . . . . . . % % % % % % % % % % % % % % . . % % % % %
% % % % % % % % % % % % % % % % % % % % % % % % % % % % % % % . % % % % % % %
% % % % % % % % % % . % % % % % % % % % % % % % . . % % % % % % % % % % % % %
% % % % % % % % % % % % % % % % % % % % % % % % % . . . . . % % % % % % % % %
% % % % % % % % % % % % % % % % % % % % % % % % % % . . . . . . . % % % % % %
% % % % % % % % % % % % % % % . % % % % % % % % % % % % % . % % % % % % % % %
% % % % % % % % % % % % % % % % % % . . . % % % % % % % % % % % % % % % % % %
% % % % % % % % % % % % % % % . . . . % % % % % % % % % % % . . % % % % % % %
% % % . . . . . . % % % % % % % % % % . > % % % % % <installer . >
<installer . > <installer . > <installer . > <installer . > <installer . >
<installer . > % % % <driver . > <driver . > <driver . > % % % % % %
<driver . > <driver . > <driver . > <driver . > <driver . > <driver . >
<driver . > <driver . > <driver . > <driver . > % % % % % % % <driver . >
<driver . > <driver . > % % % % % % % % % % % % % <driver . > <driver . >
<driver . > <driver . > <driver . > % % % % <driver . > <driver . >
<driver . > % %
Lines  processed: 518
Comments removed: 437
Comments  passed: 0
Codelines passed: 48

 )
No pages of output.
