\BOOKMARK [1][-]{section*.2}{Abstract}{}% 1
\BOOKMARK [1][-]{section.1}{1 Introduction}{}% 2
\BOOKMARK [1][-]{section.2}{2 CrowdSourcing}{}% 3
\BOOKMARK [2][-]{subsection.2.1}{2.1 Annotation}{section.2}% 4
\BOOKMARK [2][-]{subsection.2.2}{2.2 Quality}{section.2}% 5
\BOOKMARK [2][-]{subsection.2.3}{2.3 Others}{section.2}% 6
\BOOKMARK [1][-]{section.3}{3 Video Synchronization}{}% 7
\BOOKMARK [1][-]{section.4}{4 CrowdSync}{}% 8
\BOOKMARK [2][-]{subsection.4.1}{4.1 Chunk Synchronization}{section.4}% 9
\BOOKMARK [2][-]{subsection.4.2}{4.2 Frame Synchronization}{section.4}% 10
\BOOKMARK [2][-]{subsection.4.3}{4.3 LiveSync}{section.4}% 11
\BOOKMARK [1][-]{section.5}{5 Dynamic Alignment List}{}% 12
\BOOKMARK [2][-]{subsection.5.1}{5.1 Structure}{section.5}% 13
\BOOKMARK [2][-]{subsection.5.2}{5.2 Time Offset Management}{section.5}% 14
\BOOKMARK [2][-]{subsection.5.3}{5.3 Contribution Management}{section.5}% 15
\BOOKMARK [1][-]{section.6}{6 Experiments}{}% 16
\BOOKMARK [2][-]{subsection.6.1}{6.1 LiveSync Tool}{section.6}% 17
\BOOKMARK [2][-]{subsection.6.2}{6.2 Crowd Simulated DAL}{section.6}% 18
\BOOKMARK [2][-]{subsection.6.3}{6.3 UGV Dataset Synchronization}{section.6}% 19
\BOOKMARK [1][-]{section.7}{7 Final Remarks}{}% 20
\BOOKMARK [1][-]{section*.14}{References}{}% 21
